2024-08-02 10:34:34 - Created directory for snapshot: 202408021034
2024-08-02 10:34:34 - Starting capture of https://www.google.lk/
2024-08-02 10:35:18 - Completed capture of https://www.google.lk/
2024-08-02 10:35:18 - Failed to add 202408021034 to staging
2024-08-02 10:37:20 - Created directory for snapshot: 202408021037
2024-08-02 10:37:20 - Starting capture of https://www.google.lk/
2024-08-02 10:38:04 - Completed capture of https://www.google.lk/
2024-08-02 10:38:04 - Added 202408021037 to staging area
2024-08-02 10:38:04 - Committed changes for snapshot on 202408021037
2024-08-02 10:38:04 - Push to remote failed
2024-08-02 11:08:09 - Created directory for snapshot: 202408021108
2024-08-02 11:08:09 - Starting capture of https://www.google.lk/
2024-08-02 11:08:53 - Completed capture of https://www.google.lk/
2024-08-02 11:08:53 - Added 202408021108 to staging area
2024-08-02 11:08:53 - Committed changes for snapshot on 202408021108
2024-08-02 11:08:53 - Pushed changes to remote repository
2024-08-02 11:08:53 - Script completed successfully
2024-08-02 11:15:01 - Created directory for snapshot: 202408021115
2024-08-02 11:15:01 - Starting capture of https://www.google.lk/
2024-08-02 11:15:45 - Completed capture of https://www.google.lk/
2024-08-02 11:15:45 - Added 202408021115 to staging area
2024-08-02 11:15:45 - Committed changes for snapshot on 202408021115
2024-08-02 11:15:46 - Pushed changes to remote repository
2024-08-02 11:15:46 - Script completed successfully
2024-08-02 11:30:01 - Created directory for snapshot: 202408021130
2024-08-02 11:30:01 - Starting capture of https://www.google.lk/
2024-08-02 11:30:45 - Completed capture of https://www.google.lk/
